[preview.colorlib.com/theme/studylab/index.html]
[backblue.gif]
[fade.gif]
[index.html]
[stackpath.bootstrapcdn.com/font-awesome/4.7.0/css/font-awesome.min.css]
[preview.colorlib.com/theme/studylab/css/animate.css]
[preview.colorlib.com/theme/studylab/css/owl.carousel.min.css]
[preview.colorlib.com/theme/studylab/css/owl.theme.default.min.css]
[preview.colorlib.com/theme/studylab/css/magnific-popup.css]
[preview.colorlib.com/theme/studylab/css/bootstrap-datepicker.css]
[preview.colorlib.com/theme/studylab/css/jquery.timepicker.css]
[preview.colorlib.com/theme/studylab/css/flaticon.css]
[preview.colorlib.com/theme/studylab/index-2.html]
[preview.colorlib.com/theme/studylab/css/style.css]
[preview.colorlib.com/theme/studylab/about.html]
[preview.colorlib.com/theme/studylab/course.html]
[preview.colorlib.com/theme/studylab/instructor.html]
[preview.colorlib.com/theme/studylab/blog.html]
[preview.colorlib.com/theme/studylab/contact.html]
[preview.colorlib.com/theme/studylab/images/bg_1.jpg]
[preview.colorlib.com/theme/studylab/images/work-1.jpg]
[preview.colorlib.com/theme/studylab/images/work-9.jpg]
[preview.colorlib.com/theme/studylab/images/work-3.jpg]
[preview.colorlib.com/theme/studylab/images/work-5.jpg]
[preview.colorlib.com/theme/studylab/images/work-8.jpg]
[preview.colorlib.com/theme/studylab/images/work-6.jpg]
[preview.colorlib.com/theme/studylab/images/work-2.jpg]
[preview.colorlib.com/theme/studylab/images/work-4.jpg]
[preview.colorlib.com/theme/studylab/images/bg_4.jpg]
[preview.colorlib.com/theme/studylab/images/about-1.jpg]
[preview.colorlib.com/theme/studylab/images/about.jpg]
[preview.colorlib.com/theme/studylab/images/bg_2.jpg]
[preview.colorlib.com/theme/studylab/images/person_1.jpg]
[preview.colorlib.com/theme/studylab/images/person_2.jpg]
[preview.colorlib.com/theme/studylab/images/person_3.jpg]
[preview.colorlib.com/theme/studylab/blog-single.html]
[preview.colorlib.com/theme/studylab/images/image_1.jpg]
[preview.colorlib.com/theme/studylab/images/image_2.jpg]
[preview.colorlib.com/theme/studylab/images/image_3.jpg]
[preview.colorlib.com/theme/studylab/js/jquery.min.js]
[preview.colorlib.com/theme/studylab/js/jquery-migrate-3.0.1.min.js]
[preview.colorlib.com/theme/studylab/js/popper.min.js]
[preview.colorlib.com/theme/studylab/js/bootstrap.min.js]
[preview.colorlib.com/theme/studylab/js/jquery.easing.1.3.js]
[preview.colorlib.com/theme/studylab/js/jquery.waypoints.min.js]
[preview.colorlib.com/theme/studylab/js/jquery.stellar.min.js]
[preview.colorlib.com/theme/studylab/js/owl.carousel.min.js]
[preview.colorlib.com/theme/studylab/js/jquery.magnific-popup.min.js]
[preview.colorlib.com/theme/studylab/js/jquery.animateNumber.min.js]
[preview.colorlib.com/theme/studylab/js/bootstrap-datepicker.js]
[preview.colorlib.com/theme/studylab/js/scrollax.min.js]
[preview.colorlib.com/theme/studylab/js/google-map.js]
[preview.colorlib.com/theme/studylab/index.html]
[preview.colorlib.com/theme/studylab/js/main.js]
[stackpath.bootstrapcdn.com/font-awesome/4.7.0/css/font-awesome.min.css]
[preview.colorlib.com/theme/studylab/css/animate.css]
[preview.colorlib.com/theme/studylab/css/owl.carousel.min.css]
[preview.colorlib.com/theme/studylab/css/owl.theme.default.min.css]
[preview.colorlib.com/theme/studylab/css/magnific-popup.css]
[preview.colorlib.com/theme/studylab/css/bootstrap-datepicker.css]
[preview.colorlib.com/theme/studylab/css/jquery.timepicker.css]
[preview.colorlib.com/theme/studylab/fonts/flaticon/font/Flaticon.eot]
[preview.colorlib.com/theme/studylab/fonts/flaticon/font/Flaticond41d.eot]
[preview.colorlib.com/theme/studylab/fonts/flaticon/font/Flaticon.woff]
[preview.colorlib.com/theme/studylab/fonts/flaticon/font/Flaticon.ttf]
[preview.colorlib.com/theme/studylab/css/flaticon.css]
[preview.colorlib.com/theme/studylab/css/style.css]
[preview.colorlib.com/theme/studylab/index-2.html]
[preview.colorlib.com/theme/studylab/about.html]
[preview.colorlib.com/theme/studylab/course.html]
[preview.colorlib.com/theme/studylab/images/teacher-1.jpg]
[preview.colorlib.com/theme/studylab/instructor-details.html]
[preview.colorlib.com/theme/studylab/images/teacher-2.jpg]
[preview.colorlib.com/theme/studylab/images/teacher-3.jpg]
[preview.colorlib.com/theme/studylab/images/teacher-4.jpg]
[preview.colorlib.com/theme/studylab/images/teacher-5.jpg]
[preview.colorlib.com/theme/studylab/images/teacher-6.jpg]
[preview.colorlib.com/theme/studylab/images/teacher-7.jpg]
[preview.colorlib.com/theme/studylab/images/teacher-8.jpg]
[preview.colorlib.com/theme/studylab/instructor.html]
[preview.colorlib.com/theme/studylab/images/image_4.jpg]
[preview.colorlib.com/theme/studylab/images/image_5.jpg]
[preview.colorlib.com/theme/studylab/images/image_6.jpg]
[preview.colorlib.com/theme/studylab/blog.html]
[preview.colorlib.com/theme/studylab/contact.html]
[preview.colorlib.com/theme/studylab/blog-single.html]
[preview.colorlib.com/theme/studylab/css/owl.video.play.html]
[preview.colorlib.com/theme/studylab/fonts/flaticon/font/Flaticon.svg]
[preview.colorlib.com/theme/studylab/instructor-details.html]
